{"name":"hexo","hostname":"bogon","pid":59288,"level":20,"msg":"Hexo version: \u001b[35m3.2.0\u001b[39m","time":"2016-07-10T09:42:19.703Z","v":0}
{"name":"hexo","hostname":"bogon","pid":59288,"level":20,"msg":"Working directory: \u001b[35m~/Blog/blog/\u001b[39m","time":"2016-07-10T09:42:19.705Z","v":0}
{"name":"hexo","hostname":"bogon","pid":59288,"level":20,"msg":"Config loaded: \u001b[35m~/Blog/blog/_config.yml\u001b[39m","time":"2016-07-10T09:42:19.786Z","v":0}
{"name":"hexo","hostname":"bogon","pid":59288,"level":20,"msg":"Plugin loaded: \u001b[35mhexo-generator-archive\u001b[39m","time":"2016-07-10T09:42:19.799Z","v":0}
{"name":"hexo","hostname":"bogon","pid":59288,"level":20,"msg":"Plugin loaded: \u001b[35mhexo-generator-category\u001b[39m","time":"2016-07-10T09:42:19.800Z","v":0}
{"name":"hexo","hostname":"bogon","pid":59288,"level":20,"msg":"Plugin loaded: \u001b[35mhexo-generator-index\u001b[39m","time":"2016-07-10T09:42:19.802Z","v":0}
{"name":"hexo","hostname":"bogon","pid":59288,"level":20,"msg":"Plugin loaded: \u001b[35mhexo-generator-tag\u001b[39m","time":"2016-07-10T09:42:19.803Z","v":0}
{"name":"hexo","hostname":"bogon","pid":59288,"level":20,"msg":"Plugin loaded: \u001b[35mhexo-renderer-ejs\u001b[39m","time":"2016-07-10T09:42:19.805Z","v":0}
{"name":"hexo","hostname":"bogon","pid":59288,"level":20,"msg":"Plugin loaded: \u001b[35mhexo-renderer-stylus\u001b[39m","time":"2016-07-10T09:42:19.807Z","v":0}
{"name":"hexo","hostname":"bogon","pid":59288,"level":20,"msg":"Plugin loaded: \u001b[35mhexo-renderer-marked\u001b[39m","time":"2016-07-10T09:42:19.812Z","v":0}
{"name":"hexo","hostname":"bogon","pid":59288,"level":20,"msg":"Plugin loaded: \u001b[35mhexo-server\u001b[39m","time":"2016-07-10T09:42:19.869Z","v":0}
{"name":"hexo","hostname":"bogon","pid":59288,"level":20,"msg":"Script loaded: \u001b[35mthemes/next/scripts/merge-configs.js\u001b[39m","time":"2016-07-10T09:42:19.870Z","v":0}
{"name":"hexo","hostname":"bogon","pid":59288,"level":20,"msg":"Script loaded: \u001b[35mthemes/next/scripts/tags/center-quote.js\u001b[39m","time":"2016-07-10T09:42:19.871Z","v":0}
{"name":"hexo","hostname":"bogon","pid":59288,"level":20,"msg":"Script loaded: \u001b[35mthemes/next/scripts/tags/full-image.js\u001b[39m","time":"2016-07-10T09:42:19.872Z","v":0}
{"name":"hexo","hostname":"bogon","pid":59288,"level":20,"msg":"Script loaded: \u001b[35mthemes/next/scripts/tags/group-pictures.js\u001b[39m","time":"2016-07-10T09:42:19.874Z","v":0}
{"name":"hexo","hostname":"bogon","pid":59288,"level":20,"msg":"Database saved","time":"2016-07-10T09:42:19.882Z","v":0}
{"name":"hexo","hostname":"bogon","pid":59289,"level":20,"msg":"Hexo version: \u001b[35m3.2.0\u001b[39m","time":"2016-07-10T09:42:43.421Z","v":0}
{"name":"hexo","hostname":"bogon","pid":59289,"level":20,"msg":"Working directory: \u001b[35m~/Blog/blog/\u001b[39m","time":"2016-07-10T09:42:43.423Z","v":0}
{"name":"hexo","hostname":"bogon","pid":59289,"level":20,"msg":"Config loaded: \u001b[35m~/Blog/blog/_config.yml\u001b[39m","time":"2016-07-10T09:42:43.502Z","v":0}
{"name":"hexo","hostname":"bogon","pid":59289,"level":20,"msg":"Script loaded: \u001b[35mthemes/next/scripts/merge-configs.js\u001b[39m","time":"2016-07-10T09:42:43.513Z","v":0}
{"name":"hexo","hostname":"bogon","pid":59289,"level":20,"msg":"Script loaded: \u001b[35mthemes/next/scripts/tags/center-quote.js\u001b[39m","time":"2016-07-10T09:42:43.513Z","v":0}
{"name":"hexo","hostname":"bogon","pid":59289,"level":20,"msg":"Script loaded: \u001b[35mthemes/next/scripts/tags/full-image.js\u001b[39m","time":"2016-07-10T09:42:43.514Z","v":0}
{"name":"hexo","hostname":"bogon","pid":59289,"level":20,"msg":"Script loaded: \u001b[35mthemes/next/scripts/tags/group-pictures.js\u001b[39m","time":"2016-07-10T09:42:43.515Z","v":0}
{"name":"hexo","hostname":"bogon","pid":59289,"level":20,"msg":"Plugin loaded: \u001b[35mhexo-generator-archive\u001b[39m","time":"2016-07-10T09:42:43.517Z","v":0}
{"name":"hexo","hostname":"bogon","pid":59289,"level":20,"msg":"Plugin loaded: \u001b[35mhexo-generator-category\u001b[39m","time":"2016-07-10T09:42:43.518Z","v":0}
{"name":"hexo","hostname":"bogon","pid":59289,"level":20,"msg":"Plugin loaded: \u001b[35mhexo-generator-index\u001b[39m","time":"2016-07-10T09:42:43.520Z","v":0}
{"name":"hexo","hostname":"bogon","pid":59289,"level":20,"msg":"Plugin loaded: \u001b[35mhexo-generator-tag\u001b[39m","time":"2016-07-10T09:42:43.521Z","v":0}
{"name":"hexo","hostname":"bogon","pid":59289,"level":20,"msg":"Plugin loaded: \u001b[35mhexo-renderer-ejs\u001b[39m","time":"2016-07-10T09:42:43.523Z","v":0}
{"name":"hexo","hostname":"bogon","pid":59289,"level":20,"msg":"Plugin loaded: \u001b[35mhexo-renderer-stylus\u001b[39m","time":"2016-07-10T09:42:43.525Z","v":0}
{"name":"hexo","hostname":"bogon","pid":59289,"level":20,"msg":"Plugin loaded: \u001b[35mhexo-renderer-marked\u001b[39m","time":"2016-07-10T09:42:43.530Z","v":0}
{"name":"hexo","hostname":"bogon","pid":59289,"level":20,"msg":"Plugin loaded: \u001b[35mhexo-server\u001b[39m","time":"2016-07-10T09:42:43.578Z","v":0}
{"name":"hexo","hostname":"bogon","pid":59289,"level":20,"msg":"Loading database.","time":"2016-07-10T09:42:43.586Z","v":0}
{"name":"hexo","hostname":"bogon","pid":59289,"level":30,"msg":"Start processing","time":"2016-07-10T09:42:43.594Z","v":0}
{"name":"hexo","hostname":"bogon","pid":59289,"level":20,"msg":"Processed: \u001b[35mdebug.log\u001b[39m","time":"2016-07-10T09:42:43.633Z","v":0}
{"name":"hexo","hostname":"bogon","pid":59289,"level":20,"msg":"Processed: \u001b[35muploads/avatar.jpg\u001b[39m","time":"2016-07-10T09:42:43.661Z","v":0}
{"name":"hexo","hostname":"bogon","pid":59289,"level":20,"msg":"Theme config loaded.","time":"2016-07-10T09:42:43.703Z","v":0}
{"name":"hexo","hostname":"bogon","pid":59289,"level":20,"msg":"Processed: \u001b[35m_config.yml\u001b[39m","time":"2016-07-10T09:42:43.703Z","v":0}
{"name":"hexo","hostname":"bogon","pid":59289,"level":20,"msg":"Processed: \u001b[35msource/images/avatar.gif\u001b[39m","time":"2016-07-10T09:42:43.709Z","v":0}
{"name":"hexo","hostname":"bogon","pid":59289,"level":20,"msg":"Processed: \u001b[35msource/images/cc-by-nc-nd.svg\u001b[39m","time":"2016-07-10T09:42:43.710Z","v":0}
{"name":"hexo","hostname":"bogon","pid":59289,"level":20,"msg":"Processed: \u001b[35msource/images/cc-by-nc-sa.svg\u001b[39m","time":"2016-07-10T09:42:43.710Z","v":0}
{"name":"hexo","hostname":"bogon","pid":59289,"level":20,"msg":"Processed: \u001b[35msource/images/cc-by-nc.svg\u001b[39m","time":"2016-07-10T09:42:43.711Z","v":0}
{"name":"hexo","hostname":"bogon","pid":59289,"level":20,"msg":"Processed: \u001b[35msource/images/cc-by-sa.svg\u001b[39m","time":"2016-07-10T09:42:43.711Z","v":0}
{"name":"hexo","hostname":"bogon","pid":59289,"level":20,"msg":"Processed: \u001b[35msource/images/cc-by-nd.svg\u001b[39m","time":"2016-07-10T09:42:43.712Z","v":0}
{"name":"hexo","hostname":"bogon","pid":59289,"level":20,"msg":"Processed: \u001b[35msource/images/cc-by.svg\u001b[39m","time":"2016-07-10T09:42:43.713Z","v":0}
{"name":"hexo","hostname":"bogon","pid":59289,"level":20,"msg":"Processed: \u001b[35msource/images/cc-zero.svg\u001b[39m","time":"2016-07-10T09:42:43.713Z","v":0}
{"name":"hexo","hostname":"bogon","pid":59289,"level":20,"msg":"Processed: \u001b[35msource/images/loading.gif\u001b[39m","time":"2016-07-10T09:42:43.714Z","v":0}
{"name":"hexo","hostname":"bogon","pid":59289,"level":20,"msg":"Processed: \u001b[35msource/images/placeholder.gif\u001b[39m","time":"2016-07-10T09:42:43.714Z","v":0}
{"name":"hexo","hostname":"bogon","pid":59289,"level":20,"msg":"Processed: \u001b[35msource/images/quote-l.svg\u001b[39m","time":"2016-07-10T09:42:43.714Z","v":0}
{"name":"hexo","hostname":"bogon","pid":59289,"level":20,"msg":"Processed: \u001b[35msource/images/quote-r.svg\u001b[39m","time":"2016-07-10T09:42:43.715Z","v":0}
{"name":"hexo","hostname":"bogon","pid":59289,"level":20,"msg":"Processed: \u001b[35msource/images/searchicon.png\u001b[39m","time":"2016-07-10T09:42:43.715Z","v":0}
{"name":"hexo","hostname":"bogon","pid":59289,"level":20,"msg":"Processed: \u001b[35msource/css/main.styl\u001b[39m","time":"2016-07-10T09:42:43.716Z","v":0}
{"name":"hexo","hostname":"bogon","pid":59289,"level":20,"msg":"Processed: \u001b[35mlayout/_layout.swig\u001b[39m","time":"2016-07-10T09:42:43.850Z","v":0}
{"name":"hexo","hostname":"bogon","pid":59289,"level":20,"msg":"Processed: \u001b[35mlayout/category.swig\u001b[39m","time":"2016-07-10T09:42:43.851Z","v":0}
{"name":"hexo","hostname":"bogon","pid":59289,"level":20,"msg":"Processed: \u001b[35mlayout/index.swig\u001b[39m","time":"2016-07-10T09:42:43.851Z","v":0}
{"name":"hexo","hostname":"bogon","pid":59289,"level":20,"msg":"Processed: \u001b[35mlayout/archive.swig\u001b[39m","time":"2016-07-10T09:42:43.851Z","v":0}
{"name":"hexo","hostname":"bogon","pid":59289,"level":20,"msg":"Processed: \u001b[35mlayout/tag.swig\u001b[39m","time":"2016-07-10T09:42:43.851Z","v":0}
{"name":"hexo","hostname":"bogon","pid":59289,"level":20,"msg":"Processed: \u001b[35mlayout/page.swig\u001b[39m","time":"2016-07-10T09:42:43.852Z","v":0}
{"name":"hexo","hostname":"bogon","pid":59289,"level":20,"msg":"Processed: \u001b[35mlayout/post.swig\u001b[39m","time":"2016-07-10T09:42:43.852Z","v":0}
{"name":"hexo","hostname":"bogon","pid":59289,"level":20,"msg":"Processed: \u001b[35m_posts/hell.md\u001b[39m","time":"2016-07-10T09:42:43.864Z","v":0}
{"name":"hexo","hostname":"bogon","pid":59289,"level":20,"msg":"Processed: \u001b[35mlanguages/en.yml\u001b[39m","time":"2016-07-10T09:42:43.865Z","v":0}
{"name":"hexo","hostname":"bogon","pid":59289,"level":20,"msg":"Processed: \u001b[35mlanguages/default.yml\u001b[39m","time":"2016-07-10T09:42:43.865Z","v":0}
{"name":"hexo","hostname":"bogon","pid":59289,"level":20,"msg":"Processed: \u001b[35mlanguages/de.yml\u001b[39m","time":"2016-07-10T09:42:43.865Z","v":0}
{"name":"hexo","hostname":"bogon","pid":59289,"level":20,"msg":"Processed: \u001b[35mlanguages/fr-FR.yml\u001b[39m","time":"2016-07-10T09:42:43.865Z","v":0}
{"name":"hexo","hostname":"bogon","pid":59289,"level":20,"msg":"Processed: \u001b[35mlanguages/ja.yml\u001b[39m","time":"2016-07-10T09:42:43.865Z","v":0}
{"name":"hexo","hostname":"bogon","pid":59289,"level":20,"msg":"Processed: \u001b[35mlanguages/pt.yml\u001b[39m","time":"2016-07-10T09:42:43.865Z","v":0}
{"name":"hexo","hostname":"bogon","pid":59289,"level":20,"msg":"Processed: \u001b[35mlanguages/id.yml\u001b[39m","time":"2016-07-10T09:42:43.865Z","v":0}
{"name":"hexo","hostname":"bogon","pid":59289,"level":20,"msg":"Processed: \u001b[35mlanguages/ru.yml\u001b[39m","time":"2016-07-10T09:42:43.866Z","v":0}
{"name":"hexo","hostname":"bogon","pid":59289,"level":20,"msg":"Processed: \u001b[35mlanguages/zh-hk.yml\u001b[39m","time":"2016-07-10T09:42:43.866Z","v":0}
{"name":"hexo","hostname":"bogon","pid":59289,"level":20,"msg":"Processed: \u001b[35mlanguages/zh-Hans.yml\u001b[39m","time":"2016-07-10T09:42:43.866Z","v":0}
{"name":"hexo","hostname":"bogon","pid":59289,"level":20,"msg":"Processed: \u001b[35mlanguages/zh-tw.yml\u001b[39m","time":"2016-07-10T09:42:43.866Z","v":0}
{"name":"hexo","hostname":"bogon","pid":59289,"level":20,"msg":"Processed: \u001b[35m_posts/hello-world.md\u001b[39m","time":"2016-07-10T09:42:43.866Z","v":0}
{"name":"hexo","hostname":"bogon","pid":59289,"level":20,"msg":"Processed: \u001b[35msource/js/src/hook-duoshuo.js\u001b[39m","time":"2016-07-10T09:42:43.874Z","v":0}
{"name":"hexo","hostname":"bogon","pid":59289,"level":20,"msg":"Processed: \u001b[35msource/js/src/affix.js\u001b[39m","time":"2016-07-10T09:42:43.874Z","v":0}
{"name":"hexo","hostname":"bogon","pid":59289,"level":20,"msg":"Processed: \u001b[35msource/js/src/motion.js\u001b[39m","time":"2016-07-10T09:42:43.874Z","v":0}
{"name":"hexo","hostname":"bogon","pid":59289,"level":20,"msg":"Processed: \u001b[35msource/js/src/post-details.js\u001b[39m","time":"2016-07-10T09:42:43.876Z","v":0}
{"name":"hexo","hostname":"bogon","pid":59289,"level":20,"msg":"Processed: \u001b[35msource/vendors/fastclick/LICENSE\u001b[39m","time":"2016-07-10T09:42:43.877Z","v":0}
{"name":"hexo","hostname":"bogon","pid":59289,"level":20,"msg":"Processed: \u001b[35msource/vendors/fastclick/README.md\u001b[39m","time":"2016-07-10T09:42:43.878Z","v":0}
{"name":"hexo","hostname":"bogon","pid":59289,"level":20,"msg":"Processed: \u001b[35msource/vendors/fastclick/bower.json\u001b[39m","time":"2016-07-10T09:42:43.878Z","v":0}
{"name":"hexo","hostname":"bogon","pid":59289,"level":20,"msg":"Processed: \u001b[35msource/js/src/bootstrap.js\u001b[39m","time":"2016-07-10T09:42:43.878Z","v":0}
{"name":"hexo","hostname":"bogon","pid":59289,"level":20,"msg":"Processed: \u001b[35msource/js/src/scrollspy.js\u001b[39m","time":"2016-07-10T09:42:43.887Z","v":0}
{"name":"hexo","hostname":"bogon","pid":59289,"level":20,"msg":"Processed: \u001b[35msource/vendors/font-awesome/HELP-US-OUT.txt\u001b[39m","time":"2016-07-10T09:42:43.888Z","v":0}
{"name":"hexo","hostname":"bogon","pid":59289,"level":20,"msg":"Processed: \u001b[35msource/vendors/font-awesome/bower.json\u001b[39m","time":"2016-07-10T09:42:43.888Z","v":0}
{"name":"hexo","hostname":"bogon","pid":59289,"level":20,"msg":"Processed: \u001b[35msource/js/src/utils.js\u001b[39m","time":"2016-07-10T09:42:43.889Z","v":0}
{"name":"hexo","hostname":"bogon","pid":59289,"level":20,"msg":"Processed: \u001b[35msource/vendors/jquery_lazyload/CONTRIBUTING.md\u001b[39m","time":"2016-07-10T09:42:43.889Z","v":0}
{"name":"hexo","hostname":"bogon","pid":59289,"level":20,"msg":"Processed: \u001b[35msource/vendors/jquery_lazyload/README.md\u001b[39m","time":"2016-07-10T09:42:43.890Z","v":0}
{"name":"hexo","hostname":"bogon","pid":59289,"level":20,"msg":"Processed: \u001b[35msource/vendors/jquery_lazyload/bower.json\u001b[39m","time":"2016-07-10T09:42:43.890Z","v":0}
{"name":"hexo","hostname":"bogon","pid":59289,"level":20,"msg":"Processed: \u001b[35msource/vendors/jquery_lazyload/jquery.scrollstop.js\u001b[39m","time":"2016-07-10T09:42:43.890Z","v":0}
{"name":"hexo","hostname":"bogon","pid":59289,"level":20,"msg":"Processed: \u001b[35msource/vendors/velocity/bower.json\u001b[39m","time":"2016-07-10T09:42:43.891Z","v":0}
{"name":"hexo","hostname":"bogon","pid":59289,"level":20,"msg":"Processed: \u001b[35msource/vendors/jquery_lazyload/jquery.lazyload.js\u001b[39m","time":"2016-07-10T09:42:43.891Z","v":0}
{"name":"hexo","hostname":"bogon","pid":59289,"level":20,"msg":"Processed: \u001b[35msource/vendors/velocity/velocity.min.js\u001b[39m","time":"2016-07-10T09:42:43.892Z","v":0}
{"name":"hexo","hostname":"bogon","pid":59289,"level":20,"msg":"Processed: \u001b[35msource/vendors/velocity/velocity.ui.min.js\u001b[39m","time":"2016-07-10T09:42:43.892Z","v":0}
{"name":"hexo","hostname":"bogon","pid":59289,"level":20,"msg":"Processed: \u001b[35msource/vendors/velocity/velocity.ui.js\u001b[39m","time":"2016-07-10T09:42:43.892Z","v":0}
{"name":"hexo","hostname":"bogon","pid":59289,"level":20,"msg":"Processed: \u001b[35msource/vendors/jquery/index.js\u001b[39m","time":"2016-07-10T09:42:43.921Z","v":0}
{"name":"hexo","hostname":"bogon","pid":59289,"level":20,"msg":"Processed: \u001b[35mlayout/_partials/comments.swig\u001b[39m","time":"2016-07-10T09:42:43.954Z","v":0}
{"name":"hexo","hostname":"bogon","pid":59289,"level":20,"msg":"Processed: \u001b[35mlayout/_partials/duoshuo-hot-articles.swig\u001b[39m","time":"2016-07-10T09:42:43.954Z","v":0}
{"name":"hexo","hostname":"bogon","pid":59289,"level":20,"msg":"Processed: \u001b[35mlayout/_macro/post-collapse.swig\u001b[39m","time":"2016-07-10T09:42:43.954Z","v":0}
{"name":"hexo","hostname":"bogon","pid":59289,"level":20,"msg":"Processed: \u001b[35mlayout/_macro/post.swig\u001b[39m","time":"2016-07-10T09:42:43.954Z","v":0}
{"name":"hexo","hostname":"bogon","pid":59289,"level":20,"msg":"Processed: \u001b[35mlayout/_partials/footer.swig\u001b[39m","time":"2016-07-10T09:42:43.954Z","v":0}
{"name":"hexo","hostname":"bogon","pid":59289,"level":20,"msg":"Processed: \u001b[35mlayout/_partials/head.swig\u001b[39m","time":"2016-07-10T09:42:43.954Z","v":0}
{"name":"hexo","hostname":"bogon","pid":59289,"level":20,"msg":"Processed: \u001b[35mlayout/_partials/header.swig\u001b[39m","time":"2016-07-10T09:42:43.955Z","v":0}
{"name":"hexo","hostname":"bogon","pid":59289,"level":20,"msg":"Processed: \u001b[35mlayout/_partials/pagination.swig\u001b[39m","time":"2016-07-10T09:42:43.955Z","v":0}
{"name":"hexo","hostname":"bogon","pid":59289,"level":20,"msg":"Processed: \u001b[35mlayout/_macro/sidebar.swig\u001b[39m","time":"2016-07-10T09:42:43.955Z","v":0}
{"name":"hexo","hostname":"bogon","pid":59289,"level":20,"msg":"Processed: \u001b[35mlayout/_macro/wechat-subscriber.swig\u001b[39m","time":"2016-07-10T09:42:43.955Z","v":0}
{"name":"hexo","hostname":"bogon","pid":59289,"level":20,"msg":"Processed: \u001b[35mlayout/_scripts/commons.swig\u001b[39m","time":"2016-07-10T09:42:43.955Z","v":0}
{"name":"hexo","hostname":"bogon","pid":59289,"level":20,"msg":"Processed: \u001b[35mlayout/_partials/search.swig\u001b[39m","time":"2016-07-10T09:42:43.955Z","v":0}
{"name":"hexo","hostname":"bogon","pid":59289,"level":20,"msg":"Processed: \u001b[35mlayout/_scripts/vendors.swig\u001b[39m","time":"2016-07-10T09:42:43.955Z","v":0}
{"name":"hexo","hostname":"bogon","pid":59289,"level":20,"msg":"Processed: \u001b[35mlayout/_macro/reward.swig\u001b[39m","time":"2016-07-10T09:42:43.955Z","v":0}
{"name":"hexo","hostname":"bogon","pid":59289,"level":20,"msg":"Processed: \u001b[35mlayout/_scripts/baidu-push.swig\u001b[39m","time":"2016-07-10T09:42:43.955Z","v":0}
{"name":"hexo","hostname":"bogon","pid":59289,"level":20,"msg":"Processed: \u001b[35mlayout/_scripts/boostrap.swig\u001b[39m","time":"2016-07-10T09:42:43.955Z","v":0}
{"name":"hexo","hostname":"bogon","pid":59289,"level":20,"msg":"Processed: \u001b[35msource/vendors/fastclick/lib/fastclick.js\u001b[39m","time":"2016-07-10T09:42:43.960Z","v":0}
{"name":"hexo","hostname":"bogon","pid":59289,"level":20,"msg":"Processed: \u001b[35msource/js/src/schemes/pisces.js\u001b[39m","time":"2016-07-10T09:42:43.961Z","v":0}
{"name":"hexo","hostname":"bogon","pid":59289,"level":20,"msg":"Processed: \u001b[35msource/vendors/fancybox/source/blank.gif\u001b[39m","time":"2016-07-10T09:42:43.962Z","v":0}
{"name":"hexo","hostname":"bogon","pid":59289,"level":20,"msg":"Processed: \u001b[35msource/vendors/fancybox/source/fancybox_loading.gif\u001b[39m","time":"2016-07-10T09:42:43.962Z","v":0}
{"name":"hexo","hostname":"bogon","pid":59289,"level":20,"msg":"Processed: \u001b[35msource/vendors/fancybox/source/fancybox_loading@2x.gif\u001b[39m","time":"2016-07-10T09:42:43.962Z","v":0}
{"name":"hexo","hostname":"bogon","pid":59289,"level":20,"msg":"Processed: \u001b[35msource/vendors/fancybox/source/fancybox_overlay.png\u001b[39m","time":"2016-07-10T09:42:43.963Z","v":0}
{"name":"hexo","hostname":"bogon","pid":59289,"level":20,"msg":"Processed: \u001b[35msource/vendors/fancybox/source/fancybox_sprite.png\u001b[39m","time":"2016-07-10T09:42:43.963Z","v":0}
{"name":"hexo","hostname":"bogon","pid":59289,"level":20,"msg":"Processed: \u001b[35msource/vendors/fancybox/source/fancybox_sprite@2x.png\u001b[39m","time":"2016-07-10T09:42:43.963Z","v":0}
{"name":"hexo","hostname":"bogon","pid":59289,"level":20,"msg":"Processed: \u001b[35msource/vendors/fastclick/lib/fastclick.min.js\u001b[39m","time":"2016-07-10T09:42:43.963Z","v":0}
{"name":"hexo","hostname":"bogon","pid":59289,"level":20,"msg":"Processed: \u001b[35msource/vendors/fancybox/source/jquery.fancybox.css\u001b[39m","time":"2016-07-10T09:42:43.963Z","v":0}
{"name":"hexo","hostname":"bogon","pid":59289,"level":20,"msg":"Processed: \u001b[35msource/vendors/font-awesome/css/font-awesome.css.map\u001b[39m","time":"2016-07-10T09:42:43.964Z","v":0}
{"name":"hexo","hostname":"bogon","pid":59289,"level":20,"msg":"Processed: \u001b[35msource/vendors/font-awesome/css/font-awesome.css\u001b[39m","time":"2016-07-10T09:42:43.964Z","v":0}
{"name":"hexo","hostname":"bogon","pid":59289,"level":20,"msg":"Processed: \u001b[35msource/vendors/fancybox/source/jquery.fancybox.js\u001b[39m","time":"2016-07-10T09:42:43.964Z","v":0}
{"name":"hexo","hostname":"bogon","pid":59289,"level":20,"msg":"Processed: \u001b[35msource/vendors/fancybox/source/jquery.fancybox.pack.js\u001b[39m","time":"2016-07-10T09:42:43.964Z","v":0}
{"name":"hexo","hostname":"bogon","pid":59289,"level":20,"msg":"Processed: \u001b[35msource/vendors/ua-parser-js/dist/ua-parser.min.js\u001b[39m","time":"2016-07-10T09:42:43.965Z","v":0}
{"name":"hexo","hostname":"bogon","pid":59289,"level":20,"msg":"Processed: \u001b[35msource/vendors/ua-parser-js/dist/ua-parser.pack.js\u001b[39m","time":"2016-07-10T09:42:43.965Z","v":0}
{"name":"hexo","hostname":"bogon","pid":59289,"level":20,"msg":"Processed: \u001b[35msource/vendors/font-awesome/css/font-awesome.min.css\u001b[39m","time":"2016-07-10T09:42:43.965Z","v":0}
{"name":"hexo","hostname":"bogon","pid":59289,"level":20,"msg":"Processed: \u001b[35msource/vendors/font-awesome/fonts/fontawesome-webfont.woff2\u001b[39m","time":"2016-07-10T09:42:43.965Z","v":0}
{"name":"hexo","hostname":"bogon","pid":59289,"level":20,"msg":"Processed: \u001b[35mlayout/_scripts/schemes/muse.swig\u001b[39m","time":"2016-07-10T09:42:43.969Z","v":0}
{"name":"hexo","hostname":"bogon","pid":59289,"level":20,"msg":"Processed: \u001b[35mlayout/_scripts/schemes/mist.swig\u001b[39m","time":"2016-07-10T09:42:43.969Z","v":0}
{"name":"hexo","hostname":"bogon","pid":59289,"level":20,"msg":"Processed: \u001b[35msource/vendors/font-awesome/fonts/FontAwesome.otf\u001b[39m","time":"2016-07-10T09:42:43.969Z","v":0}
{"name":"hexo","hostname":"bogon","pid":59289,"level":20,"msg":"Processed: \u001b[35msource/vendors/font-awesome/fonts/fontawesome-webfont.eot\u001b[39m","time":"2016-07-10T09:42:43.969Z","v":0}
{"name":"hexo","hostname":"bogon","pid":59289,"level":20,"msg":"Processed: \u001b[35msource/vendors/font-awesome/fonts/fontawesome-webfont.woff\u001b[39m","time":"2016-07-10T09:42:43.969Z","v":0}
{"name":"hexo","hostname":"bogon","pid":59289,"level":20,"msg":"Processed: \u001b[35msource/vendors/velocity/velocity.js\u001b[39m","time":"2016-07-10T09:42:43.970Z","v":0}
{"name":"hexo","hostname":"bogon","pid":59289,"level":20,"msg":"Processed: \u001b[35mlayout/_partials/search/swiftype.swig\u001b[39m","time":"2016-07-10T09:42:43.981Z","v":0}
{"name":"hexo","hostname":"bogon","pid":59289,"level":20,"msg":"Processed: \u001b[35mlayout/_partials/head/external-fonts.swig\u001b[39m","time":"2016-07-10T09:42:43.981Z","v":0}
{"name":"hexo","hostname":"bogon","pid":59289,"level":20,"msg":"Processed: \u001b[35mlayout/_partials/search/tinysou.swig\u001b[39m","time":"2016-07-10T09:42:43.981Z","v":0}
{"name":"hexo","hostname":"bogon","pid":59289,"level":20,"msg":"Processed: \u001b[35mlayout/_partials/search/localsearch.swig\u001b[39m","time":"2016-07-10T09:42:43.981Z","v":0}
{"name":"hexo","hostname":"bogon","pid":59289,"level":20,"msg":"Processed: \u001b[35mlayout/_partials/share/baidushare.swig\u001b[39m","time":"2016-07-10T09:42:43.981Z","v":0}
{"name":"hexo","hostname":"bogon","pid":59289,"level":20,"msg":"Processed: \u001b[35mlayout/_partials/share/duoshuo_share.swig\u001b[39m","time":"2016-07-10T09:42:43.981Z","v":0}
{"name":"hexo","hostname":"bogon","pid":59289,"level":20,"msg":"Processed: \u001b[35mlayout/_partials/share/add-this.swig\u001b[39m","time":"2016-07-10T09:42:43.981Z","v":0}
{"name":"hexo","hostname":"bogon","pid":59289,"level":20,"msg":"Processed: \u001b[35mlayout/_scripts/pages/post-details.swig\u001b[39m","time":"2016-07-10T09:42:43.981Z","v":0}
{"name":"hexo","hostname":"bogon","pid":59289,"level":20,"msg":"Processed: \u001b[35mlayout/_partials/share/jiathis.swig\u001b[39m","time":"2016-07-10T09:42:43.981Z","v":0}
{"name":"hexo","hostname":"bogon","pid":59289,"level":20,"msg":"Processed: \u001b[35mlayout/_scripts/third-party/analytics.swig\u001b[39m","time":"2016-07-10T09:42:43.982Z","v":0}
{"name":"hexo","hostname":"bogon","pid":59289,"level":20,"msg":"Processed: \u001b[35mlayout/_scripts/schemes/pisces.swig\u001b[39m","time":"2016-07-10T09:42:43.982Z","v":0}
{"name":"hexo","hostname":"bogon","pid":59289,"level":20,"msg":"Processed: \u001b[35mlayout/_scripts/third-party/comments.swig\u001b[39m","time":"2016-07-10T09:42:43.982Z","v":0}
{"name":"hexo","hostname":"bogon","pid":59289,"level":20,"msg":"Processed: \u001b[35mlayout/_scripts/third-party/localsearch.swig\u001b[39m","time":"2016-07-10T09:42:43.982Z","v":0}
{"name":"hexo","hostname":"bogon","pid":59289,"level":20,"msg":"Processed: \u001b[35mlayout/_scripts/third-party/mathjax.swig\u001b[39m","time":"2016-07-10T09:42:43.982Z","v":0}
{"name":"hexo","hostname":"bogon","pid":59289,"level":20,"msg":"Processed: \u001b[35mlayout/_scripts/third-party/lean-analytics.swig\u001b[39m","time":"2016-07-10T09:42:43.982Z","v":0}
{"name":"hexo","hostname":"bogon","pid":59289,"level":20,"msg":"Processed: \u001b[35mlayout/_scripts/third-party/tinysou.swig\u001b[39m","time":"2016-07-10T09:42:43.983Z","v":0}
{"name":"hexo","hostname":"bogon","pid":59289,"level":20,"msg":"Processed: \u001b[35msource/vendors/fancybox/source/helpers/fancybox_buttons.png\u001b[39m","time":"2016-07-10T09:42:43.986Z","v":0}
{"name":"hexo","hostname":"bogon","pid":59289,"level":20,"msg":"Processed: \u001b[35msource/vendors/fancybox/source/helpers/jquery.fancybox-buttons.css\u001b[39m","time":"2016-07-10T09:42:43.986Z","v":0}
{"name":"hexo","hostname":"bogon","pid":59289,"level":20,"msg":"Processed: \u001b[35msource/vendors/fancybox/source/helpers/jquery.fancybox-media.js\u001b[39m","time":"2016-07-10T09:42:43.986Z","v":0}
{"name":"hexo","hostname":"bogon","pid":59289,"level":20,"msg":"Processed: \u001b[35msource/vendors/fancybox/source/helpers/jquery.fancybox-buttons.js\u001b[39m","time":"2016-07-10T09:42:43.987Z","v":0}
{"name":"hexo","hostname":"bogon","pid":59289,"level":20,"msg":"Processed: \u001b[35msource/vendors/fancybox/source/helpers/jquery.fancybox-thumbs.css\u001b[39m","time":"2016-07-10T09:42:43.987Z","v":0}
{"name":"hexo","hostname":"bogon","pid":59289,"level":20,"msg":"Processed: \u001b[35msource/vendors/fancybox/source/helpers/jquery.fancybox-thumbs.js\u001b[39m","time":"2016-07-10T09:42:43.987Z","v":0}
{"name":"hexo","hostname":"bogon","pid":59289,"level":20,"msg":"Processed: \u001b[35msource/vendors/font-awesome/fonts/fontawesome-webfont.ttf\u001b[39m","time":"2016-07-10T09:42:43.987Z","v":0}
{"name":"hexo","hostname":"bogon","pid":59289,"level":20,"msg":"Processed: \u001b[35mlayout/_scripts/third-party/analytics/baidu-analytics.swig\u001b[39m","time":"2016-07-10T09:42:44.001Z","v":0}
{"name":"hexo","hostname":"bogon","pid":59289,"level":20,"msg":"Processed: \u001b[35mlayout/_scripts/third-party/analytics/cnzz-analytics.swig\u001b[39m","time":"2016-07-10T09:42:44.001Z","v":0}
{"name":"hexo","hostname":"bogon","pid":59289,"level":20,"msg":"Processed: \u001b[35mlayout/_scripts/third-party/analytics/facebook-sdk.swig\u001b[39m","time":"2016-07-10T09:42:44.001Z","v":0}
{"name":"hexo","hostname":"bogon","pid":59289,"level":20,"msg":"Processed: \u001b[35mlayout/_scripts/third-party/analytics/google-analytics.swig\u001b[39m","time":"2016-07-10T09:42:44.001Z","v":0}
{"name":"hexo","hostname":"bogon","pid":59289,"level":20,"msg":"Processed: \u001b[35mlayout/_scripts/third-party/analytics/tencent-analytics.swig\u001b[39m","time":"2016-07-10T09:42:44.005Z","v":0}
{"name":"hexo","hostname":"bogon","pid":59289,"level":20,"msg":"Processed: \u001b[35mlayout/_scripts/third-party/analytics/busuanzi-counter.swig\u001b[39m","time":"2016-07-10T09:42:44.005Z","v":0}
{"name":"hexo","hostname":"bogon","pid":59289,"level":20,"msg":"Processed: \u001b[35mlayout/_scripts/third-party/comments/duoshuo.swig\u001b[39m","time":"2016-07-10T09:42:44.006Z","v":0}
{"name":"hexo","hostname":"bogon","pid":59289,"level":20,"msg":"Processed: \u001b[35mlayout/_scripts/third-party/comments/disqus.swig\u001b[39m","time":"2016-07-10T09:42:44.006Z","v":0}
{"name":"hexo","hostname":"bogon","pid":59289,"level":20,"msg":"Processed: \u001b[35msource/vendors/font-awesome/fonts/fontawesome-webfont.svg\u001b[39m","time":"2016-07-10T09:42:44.006Z","v":0}
{"name":"hexo","hostname":"bogon","pid":59289,"level":20,"msg":"Generator: \u001b[35mpage\u001b[39m","time":"2016-07-10T09:42:44.189Z","v":0}
{"name":"hexo","hostname":"bogon","pid":59289,"level":20,"msg":"Generator: \u001b[35mpost\u001b[39m","time":"2016-07-10T09:42:44.189Z","v":0}
{"name":"hexo","hostname":"bogon","pid":59289,"level":20,"msg":"Generator: \u001b[35marchive\u001b[39m","time":"2016-07-10T09:42:44.189Z","v":0}
{"name":"hexo","hostname":"bogon","pid":59289,"level":20,"msg":"Generator: \u001b[35mcategory\u001b[39m","time":"2016-07-10T09:42:44.189Z","v":0}
{"name":"hexo","hostname":"bogon","pid":59289,"level":20,"msg":"Generator: \u001b[35mindex\u001b[39m","time":"2016-07-10T09:42:44.189Z","v":0}
{"name":"hexo","hostname":"bogon","pid":59289,"level":20,"msg":"Generator: \u001b[35mtag\u001b[39m","time":"2016-07-10T09:42:44.190Z","v":0}
{"name":"hexo","hostname":"bogon","pid":59289,"level":20,"msg":"Generator: \u001b[35masset\u001b[39m","time":"2016-07-10T09:42:44.190Z","v":0}
{"name":"hexo","hostname":"bogon","pid":59289,"level":30,"msg":"Hexo is running at \u001b[4mhttp://localhost:4000/\u001b[24m. Press Ctrl+C to stop.","time":"2016-07-10T09:42:44.195Z","v":0}
{"name":"hexo","hostname":"bogon","pid":59289,"level":20,"msg":"Database saved","time":"2016-07-10T09:42:44.211Z","v":0}
{"name":"hexo","hostname":"bogon","pid":59289,"level":20,"msg":"Rendering index: \u001b[35mindex.html\u001b[39m","time":"2016-07-10T09:42:45.449Z","v":0}
{"name":"hexo","hostname":"bogon","pid":59289,"level":20,"msg":"Rendering post: \u001b[35m2016/07/10/hell/index.html\u001b[39m","time":"2016-07-10T09:42:54.028Z","v":0}
{"name":"hexo","hostname":"bogon","pid":59289,"level":20,"msg":"Rendering post: \u001b[35m2016/07/10/hell/index.html\u001b[39m","time":"2016-07-10T09:50:19.256Z","v":0}
{"name":"hexo","hostname":"bogon","pid":59289,"level":20,"msg":"Rendering index: \u001b[35mindex.html\u001b[39m","time":"2016-07-10T09:50:22.089Z","v":0}
{"name":"hexo","hostname":"bogon","pid":59289,"level":30,"msg":"Good bye","time":"2016-07-10T09:50:32.525Z","v":0}
{"name":"hexo","hostname":"bogon","pid":59289,"level":20,"msg":"Database saved","time":"2016-07-10T09:50:32.536Z","v":0}
